<?xml version="1.0" encoding="UTF-8"?>
<!-- Generated by org.testng.reporters.JUnitReportReporter -->
<testsuite hostname="LT-NB-706" name="com.runner.Runner" tests="1" failures="0" timestamp="16 Nov 2022 09:10:24 GMT" time="4.847" errors="0">
  <testcase name="feature" time="4.847" classname="com.runner.Runner"/>
</testsuite> <!-- com.runner.Runner -->
